<?xml version="1.0" encoding="UTF-8"?>
<!-- Generated by org.testng.reporters.JUnitReportReporter -->
<testsuite hostname="ManishKumarJha" failures="0" tests="1" name="apiChaining.DeleteUser" time="1.283" errors="0" timestamp="2024-03-16T23:36:37 IST" skipped="0">
  <testcase classname="apiChaining.DeleteUser" name="testDeleteUser" time="1.283"/>
  <system-out/>
</testsuite> <!-- apiChaining.DeleteUser -->
