<?xml version="1.0" encoding="UTF-8"?>
<!-- Generated by org.testng.reporters.JUnitReportReporter -->
<testsuite hostname="ManishKumarJha" failures="0" tests="1" name="cookies.CookiesInfo" time="5.482" errors="0" timestamp="2024-03-13T20:32:24 IST" skipped="0">
  <testcase classname="cookies.CookiesInfo" name="getAllCookies" time="5.482"/>
  <system-out/>
</testsuite> <!-- cookies.CookiesInfo -->
