<?xml version="1.0" encoding="UTF-8"?>
<!-- Generated by org.testng.reporters.JUnitReportReporter -->
<testsuite hostname="ManishKumarJha" failures="0" tests="1" name="apiChaining.UpdateUser" time="1.002" errors="0" timestamp="2024-03-16T23:36:37 IST" skipped="0">
  <testcase classname="apiChaining.UpdateUser" name="testUpdateUser" time="1.002"/>
  <system-out/>
</testsuite> <!-- apiChaining.UpdateUser -->
