<?xml version="1.0" encoding="UTF-8"?>
<!-- Generated by org.testng.reporters.JUnitReportReporter -->
<testsuite hostname="ManishKumarJha" failures="0" tests="1" name="parsingJSONBody.ParsingJsonResponseBody" time="5.503" errors="0" timestamp="2024-03-15T07:12:16 IST" skipped="0">
  <testcase classname="parsingJSONBody.ParsingJsonResponseBody" name="testJsonResponseBody2" time="5.503"/>
  <system-out/>
</testsuite> <!-- parsingJSONBody.ParsingJsonResponseBody -->
