<?xml version="1.0" encoding="UTF-8"?>
<!-- Generated by org.testng.reporters.JUnitReportReporter -->
<testsuite hostname="ManishKumarJha" failures="0" tests="1" name="jsonSchemaValidation.SerializationDeserialization" time="0.541" errors="0" timestamp="2024-03-16T17:29:58 IST" skipped="0">
  <testcase classname="jsonSchemaValidation.SerializationDeserialization" name="convertJson2Pojo" time="0.541"/>
  <system-out/>
</testsuite> <!-- jsonSchemaValidation.SerializationDeserialization -->
