<?xml version="1.0" encoding="UTF-8"?>
<!-- Generated by org.testng.reporters.JUnitReportReporter -->
<testsuite hostname="ManishKumarJha" failures="0" tests="1" name="cookies.LoggingDemo" time="4.409" errors="0" timestamp="2024-03-13T21:21:16 IST" skipped="0">
  <testcase classname="cookies.LoggingDemo" name="testLogs" time="4.409"/>
  <system-out/>
</testsuite> <!-- cookies.LoggingDemo -->
