<?xml version="1.0" encoding="UTF-8"?>
<!-- Generated by org.testng.reporters.JUnitReportReporter -->
<testsuite hostname="ManishKumarJha" failures="0" tests="2" name="requestBodyCreate.Byhashmap" time="7.074" errors="0" timestamp="2024-03-13T09:44:33 IST" skipped="0">
  <testcase classname="requestBodyCreate.Byhashmap" name="testPostUsingHashap" time="6.299"/>
  <system-out/>
  <testcase classname="requestBodyCreate.Byhashmap" name="deleteUser" time="0.775"/>
  <system-out/>
</testsuite> <!-- requestBodyCreate.Byhashmap -->
