<?xml version="1.0" encoding="UTF-8"?>
<!-- Generated by org.testng.reporters.JUnitReportReporter -->
<testsuite hostname="ManishKumarJha" failures="0" tests="1" name="requestBodyCreate.ByPojoClass" time="5.117" errors="0" timestamp="2024-03-15T22:24:03 IST" skipped="0">
  <testcase classname="requestBodyCreate.ByPojoClass" name="testusingPojo" time="5.117"/>
  <system-out/>
</testsuite> <!-- requestBodyCreate.ByPojoClass -->
