<?xml version="1.0" encoding="UTF-8"?>
<!-- Generated by org.testng.reporters.JUnitReportReporter -->
<testsuite hostname="ManishKumarJha" failures="0" tests="4" name="restAssured.HttpRequests" time="6.485" errors="0" timestamp="2024-03-13T07:26:05 IST" skipped="0">
  <testcase classname="restAssured.HttpRequests" name="getUsers" time="4.514"/>
  <system-out/>
  <testcase classname="restAssured.HttpRequests" name="createUser" time="1.055"/>
  <system-out/>
  <testcase classname="restAssured.HttpRequests" name="deleteUser" time="0.435"/>
  <system-out/>
  <testcase classname="restAssured.HttpRequests" name="updateUser" time="0.481"/>
  <system-out/>
</testsuite> <!-- restAssured.HttpRequests -->
