<?xml version="1.0" encoding="UTF-8"?>
<!-- Generated by org.testng.reporters.JUnitReportReporter -->
<testsuite hostname="ManishKumarJha" failures="0" tests="1" name="fakerDataGenerater.FakerDataCass" time="0.607" errors="0" timestamp="2024-03-16T19:55:24 IST" skipped="0">
  <testcase classname="fakerDataGenerater.FakerDataCass" name="testFakerData" time="0.607"/>
  <system-out/>
</testsuite> <!-- fakerDataGenerater.FakerDataCass -->
