<?xml version="1.0" encoding="UTF-8"?>
<!-- Generated by org.testng.reporters.JUnitReportReporter -->
<testsuite hostname="ManishKumarJha" failures="0" tests="1" name="jsonSchemaValidation.JsconSchemaValidation" time="4.237" errors="0" timestamp="2024-03-15T21:27:36 IST" skipped="0">
  <testcase classname="jsonSchemaValidation.JsconSchemaValidation" name="testJsonSchemaValidation" time="4.237"/>
  <system-out/>
</testsuite> <!-- jsonSchemaValidation.JsconSchemaValidation -->
