<?xml version="1.0" encoding="UTF-8"?>
<!-- Generated by org.testng.reporters.JUnitReportReporter -->
<testsuite hostname="ManishKumarJha" failures="0" tests="1" name="parsingJSONBody.SomeOtherApproach" time="5.030" errors="0" timestamp="2024-03-15T07:44:40 IST" skipped="0">
  <testcase classname="parsingJSONBody.SomeOtherApproach" name="testJsonResponseBodyData" time="5.030"/>
  <system-out/>
</testsuite> <!-- parsingJSONBody.SomeOtherApproach -->
