<?xml version="1.0" encoding="UTF-8"?>
<!-- Generated by org.testng.reporters.JUnitReportReporter -->
<testsuite hostname="ManishKumarJha" failures="0" tests="1" name="cookies.HeadersDemo" time="5.217" errors="0" timestamp="2024-03-13T21:15:53 IST" skipped="0">
  <testcase classname="cookies.HeadersDemo" name="testHeader" time="5.217"/>
  <system-out/>
</testsuite> <!-- cookies.HeadersDemo -->
