<?xml version="1.0" encoding="UTF-8"?>
<!-- Generated by org.testng.reporters.JUnitReportReporter -->
<testsuite hostname="ManishKumarJha" failures="0" tests="1" name="pathAndQueryParam.PathAndQueryParam" time="5.622" errors="0" timestamp="2024-03-13T19:50:08 IST" skipped="0">
  <testcase classname="pathAndQueryParam.PathAndQueryParam" name="testPathAndQueryParam" time="5.622"/>
  <system-out/>
</testsuite> <!-- pathAndQueryParam.PathAndQueryParam -->
