<?xml version="1.0" encoding="UTF-8"?>
<!-- Generated by org.testng.reporters.JUnitReportReporter -->
<testsuite hostname="ManishKumarJha" failures="0" tests="3" name="authentication.Authentication" time="8.640" errors="0" timestamp="2024-03-16T18:09:49 IST" skipped="0">
  <testcase classname="authentication.Authentication" name="testBasicAuthentication" time="5.785"/>
  <system-out/>
  <testcase classname="authentication.Authentication" name="testDigestAuthentication" time="1.608"/>
  <system-out/>
  <testcase classname="authentication.Authentication" name="testPreemptiveAuthentication" time="1.247"/>
  <system-out/>
</testsuite> <!-- authentication.Authentication -->
