<?xml version="1.0" encoding="UTF-8"?>
<!-- Generated by org.testng.reporters.JUnitReportReporter -->
<testsuite hostname="ManishKumarJha" failures="0" tests="1" name="apiChaining.CreateUser" time="5.547" errors="0" timestamp="2024-03-16T23:36:37 IST" skipped="0">
  <testcase classname="apiChaining.CreateUser" name="testCreateuser" time="5.547"/>
  <system-out/>
</testsuite> <!-- apiChaining.CreateUser -->
